<?xml version="1.0" encoding="UTF-8"?>
<testng-results skipped="0" failed="1" total="3" passed="2">
  <reporter-output>
  </reporter-output>
  <suite name="DemoFramework" duration-ms="36447" started-at="2021-05-26T18:25:45Z" finished-at="2021-05-26T18:26:22Z">
    <groups>
    </groups>
    <test name="Labels Validation" duration-ms="17967" started-at="2021-05-26T18:25:45Z" finished-at="2021-05-26T18:26:03Z">
      <class name="E2E.ValidateLabels">
        <test-method status="PASS" signature="Open_Browser()[pri:0, instance:E2E.ValidateLabels@609e8838]" name="Open_Browser" is-config="true" duration-ms="14410" started-at="2021-05-26T23:55:45Z" finished-at="2021-05-26T23:56:00Z">
          <reporter-output>
          </reporter-output>
        </test-method> <!-- Open_Browser -->
        <test-method status="FAIL" signature="Labelsvalidation()[pri:0, instance:E2E.ValidateLabels@609e8838]" name="Labelsvalidation" duration-ms="181" started-at="2021-05-26T23:56:00Z" finished-at="2021-05-26T23:56:00Z">
          <exception class="java.lang.AssertionError">
            <message>
              <![CDATA[expected [false] but found [true]]]>
            </message>
            <full-stacktrace>
              <![CDATA[java.lang.AssertionError: expected [false] but found [true]
	at org.testng.Assert.fail(Assert.java:94)
	at org.testng.Assert.failNotEquals(Assert.java:513)
	at org.testng.Assert.assertFalse(Assert.java:63)
	at org.testng.Assert.assertFalse(Assert.java:73)
	at E2E.ValidateLabels.Labelsvalidation(ValidateLabels.java:37)
	at sun.reflect.NativeMethodAccessorImpl.invoke0(Native Method)
	at sun.reflect.NativeMethodAccessorImpl.invoke(NativeMethodAccessorImpl.java:62)
	at sun.reflect.DelegatingMethodAccessorImpl.invoke(DelegatingMethodAccessorImpl.java:43)
	at java.lang.reflect.Method.invoke(Method.java:498)
	at org.testng.internal.MethodInvocationHelper.invokeMethod(MethodInvocationHelper.java:86)
	at org.testng.internal.Invoker.invokeMethod(Invoker.java:646)
	at org.testng.internal.Invoker.invokeTestMethod(Invoker.java:823)
	at org.testng.internal.Invoker.invokeTestMethods(Invoker.java:1131)
	at org.testng.internal.TestMethodWorker.invokeTestMethods(TestMethodWorker.java:129)
	at org.testng.internal.TestMethodWorker.run(TestMethodWorker.java:112)
	at org.testng.TestRunner.privateRun(TestRunner.java:778)
	at org.testng.TestRunner.run(TestRunner.java:632)
	at org.testng.SuiteRunner.runTest(SuiteRunner.java:366)
	at org.testng.SuiteRunner.access$000(SuiteRunner.java:39)
	at org.testng.SuiteRunner$SuiteWorker.run(SuiteRunner.java:400)
	at org.testng.internal.thread.ThreadUtil$2.call(ThreadUtil.java:64)
	at java.util.concurrent.FutureTask.run(FutureTask.java:266)
	at java.util.concurrent.ThreadPoolExecutor.runWorker(ThreadPoolExecutor.java:1149)
	at java.util.concurrent.ThreadPoolExecutor$Worker.run(ThreadPoolExecutor.java:624)
	at java.lang.Thread.run(Thread.java:748)
]]>
            </full-stacktrace>
          </exception> <!-- java.lang.AssertionError -->
          <reporter-output>
          </reporter-output>
        </test-method> <!-- Labelsvalidation -->
        <test-method status="PASS" signature="Browser_close()[pri:0, instance:E2E.ValidateLabels@609e8838]" name="Browser_close" is-config="true" duration-ms="2311" started-at="2021-05-26T23:56:01Z" finished-at="2021-05-26T23:56:03Z">
          <reporter-output>
          </reporter-output>
        </test-method> <!-- Browser_close -->
      </class> <!-- E2E.ValidateLabels -->
    </test> <!-- Labels Validation -->
    <test name="Login Validation" duration-ms="36447" started-at="2021-05-26T18:25:45Z" finished-at="2021-05-26T18:26:22Z">
      <class name="E2E.Homepage">
        <test-method status="PASS" signature="Open_Browser()[pri:0, instance:E2E.Homepage@7e057f43]" name="Open_Browser" is-config="true" duration-ms="11717" started-at="2021-05-26T23:55:45Z" finished-at="2021-05-26T23:55:57Z">
          <reporter-output>
          </reporter-output>
        </test-method> <!-- Open_Browser -->
        <test-method status="PASS" signature="homepageNavigation(java.lang.String, java.lang.String, java.lang.String)[pri:0, instance:E2E.Homepage@7e057f43]" name="homepageNavigation" duration-ms="5164" started-at="2021-05-26T23:55:57Z" data-provider="getData" finished-at="2021-05-26T23:56:02Z">
          <params>
            <param index="0">
              <value>
                <![CDATA[primeuser@gmail.com]]>
              </value>
            </param>
            <param index="1">
              <value>
                <![CDATA[Test1234]]>
              </value>
            </param>
            <param index="2">
              <value>
                <![CDATA[Prime user]]>
              </value>
            </param>
          </params>
          <reporter-output>
          </reporter-output>
        </test-method> <!-- homepageNavigation -->
        <test-method status="PASS" signature="Browser_close()[pri:0, instance:E2E.Homepage@7e057f43]" name="Browser_close" is-config="true" duration-ms="2511" started-at="2021-05-26T23:56:02Z" finished-at="2021-05-26T23:56:05Z">
          <reporter-output>
          </reporter-output>
        </test-method> <!-- Browser_close -->
        <test-method status="PASS" signature="Open_Browser()[pri:0, instance:E2E.Homepage@7e057f43]" name="Open_Browser" is-config="true" duration-ms="9036" started-at="2021-05-26T23:56:05Z" finished-at="2021-05-26T23:56:14Z">
          <reporter-output>
          </reporter-output>
        </test-method> <!-- Open_Browser -->
        <test-method status="PASS" signature="homepageNavigation(java.lang.String, java.lang.String, java.lang.String)[pri:0, instance:E2E.Homepage@7e057f43]" name="homepageNavigation" duration-ms="5917" started-at="2021-05-26T23:56:14Z" data-provider="getData" finished-at="2021-05-26T23:56:20Z">
          <params>
            <param index="0">
              <value>
                <![CDATA[nonprimeuser@gmail.com]]>
              </value>
            </param>
            <param index="1">
              <value>
                <![CDATA[Test1234]]>
              </value>
            </param>
            <param index="2">
              <value>
                <![CDATA[NonPrime user]]>
              </value>
            </param>
          </params>
          <reporter-output>
          </reporter-output>
        </test-method> <!-- homepageNavigation -->
        <test-method status="PASS" signature="Browser_close()[pri:0, instance:E2E.Homepage@7e057f43]" name="Browser_close" is-config="true" duration-ms="2076" started-at="2021-05-26T23:56:20Z" finished-at="2021-05-26T23:56:22Z">
          <reporter-output>
          </reporter-output>
        </test-method> <!-- Browser_close -->
      </class> <!-- E2E.Homepage -->
    </test> <!-- Login Validation -->
  </suite> <!-- DemoFramework -->
</testng-results>
